{"level":"info","message":"Hello, from acquisitions app!","service":"acquisitions-api"}
{"level":"info","message":"::1 - - [14/Nov/2025:17:43:03 +0000] \"GET / HTTP/1.1\" 200 29 \"-\" \"Mozilla/5.0 (Windows NT 10.0; Win64; x64) AppleWebKit/537.36 (KHTML, like Gecko) Chrome/142.0.0.0 Safari/537.36\"","service":"acquisitions-api"}
{"level":"info","message":"::1 - - [14/Nov/2025:17:43:03 +0000] \"GET /favicon.ico HTTP/1.1\" 404 150 \"-\" \"Mozilla/5.0 (Windows NT 10.0; Win64; x64) AppleWebKit/537.36 (KHTML, like Gecko) Chrome/142.0.0.0 Safari/537.36\"","service":"acquisitions-api"}
{"level":"info","message":"::1 - - [14/Nov/2025:18:04:39 +0000] \"GET /health HTTP/1.1\" 200 74 \"-\" \"Mozilla/5.0 (Windows NT 10.0; Win64; x64) AppleWebKit/537.36 (KHTML, like Gecko) Chrome/142.0.0.0 Safari/537.36\"","service":"acquisitions-api"}
{"level":"info","message":"::1 - - [14/Nov/2025:18:04:45 +0000] \"GET /api HTTP/1.1\" 200 42 \"-\" \"Mozilla/5.0 (Windows NT 10.0; Win64; x64) AppleWebKit/537.36 (KHTML, like Gecko) Chrome/142.0.0.0 Safari/537.36\"","service":"acquisitions-api"}
{"level":"info","message":"Hello, from acquisitions app!","service":"acquisitions-api"}
{"level":"info","message":"::1 - - [15/Nov/2025:11:27:15 +0000] \"GET / HTTP/1.1\" 200 29 \"-\" \"Mozilla/5.0 (Windows NT 10.0; Win64; x64) AppleWebKit/537.36 (KHTML, like Gecko) Chrome/142.0.0.0 Safari/537.36\"","service":"acquisitions-api"}
{"level":"info","message":"::1 - - [15/Nov/2025:11:27:15 +0000] \"GET /favicon.ico HTTP/1.1\" 404 150 \"-\" \"Mozilla/5.0 (Windows NT 10.0; Win64; x64) AppleWebKit/537.36 (KHTML, like Gecko) Chrome/142.0.0.0 Safari/537.36\"","service":"acquisitions-api"}
{"level":"info","message":"::1 - - [15/Nov/2025:11:28:35 +0000] \"POST / HTTP/1.1\" 404 140 \"-\" \"PostmanRuntime/7.49.1\"","service":"acquisitions-api"}
{"level":"info","message":"::1 - - [15/Nov/2025:11:28:59 +0000] \"POST / HTTP/1.1\" 404 140 \"-\" \"PostmanRuntime/7.49.1\"","service":"acquisitions-api"}
{"level":"info","message":"::1 - - [15/Nov/2025:11:29:26 +0000] \"POST /api/auth/sign-up HTTP/1.1\" 400 92 \"-\" \"PostmanRuntime/7.49.1\"","service":"acquisitions-api"}
{"level":"info","message":"::1 - - [15/Nov/2025:11:29:54 +0000] \"POST /api/auth/sign-up HTTP/1.1\" 400 92 \"-\" \"PostmanRuntime/7.49.1\"","service":"acquisitions-api"}
{"level":"info","message":"::1 - - [15/Nov/2025:11:30:31 +0000] \"POST /api/auth/sign-up HTTP/1.1\" 400 92 \"-\" \"PostmanRuntime/7.49.1\"","service":"acquisitions-api"}
{"level":"info","message":"::1 - - [15/Nov/2025:11:30:37 +0000] \"POST /api/auth/sign-up HTTP/1.1\" 400 92 \"-\" \"PostmanRuntime/7.49.1\"","service":"acquisitions-api"}
{"level":"error","message":"Error creating the user: ReferenceError: db is not defined","service":"acquisitions-api"}
{"level":"error","message":"Signup error db is not defined","service":"acquisitions-api","stack":"ReferenceError: db is not defined\n    at createUser (file:///D:/Important-FIles/Projects/acquisitions/acquisitions/src/services/auth.service.js:27:26)\n    at signup (file:///D:/Important-FIles/Projects/acquisitions/acquisitions/src/controllers/auth.controller.js:21:24)\n    at Layer.handleRequest (D:\\Important-FIles\\Projects\\acquisitions\\acquisitions\\node_modules\\router\\lib\\layer.js:152:17)\n    at next (D:\\Important-FIles\\Projects\\acquisitions\\acquisitions\\node_modules\\router\\lib\\route.js:157:13)\n    at Route.dispatch (D:\\Important-FIles\\Projects\\acquisitions\\acquisitions\\node_modules\\router\\lib\\route.js:117:3)\n    at handle (D:\\Important-FIles\\Projects\\acquisitions\\acquisitions\\node_modules\\router\\index.js:435:11)\n    at Layer.handleRequest (D:\\Important-FIles\\Projects\\acquisitions\\acquisitions\\node_modules\\router\\lib\\layer.js:152:17)\n    at D:\\Important-FIles\\Projects\\acquisitions\\acquisitions\\node_modules\\router\\index.js:295:15\n    at processParams (D:\\Important-FIles\\Projects\\acquisitions\\acquisitions\\node_modules\\router\\index.js:582:12)\n    at next (D:\\Important-FIles\\Projects\\acquisitions\\acquisitions\\node_modules\\router\\index.js:291:5)"}
{"level":"info","message":"::1 - - [15/Nov/2025:11:32:17 +0000] \"POST /api/auth/sign-up HTTP/1.1\" 500 1416 \"-\" \"PostmanRuntime/7.49.1\"","service":"acquisitions-api"}
{"level":"info","message":"User admin@jsmastery.pro created successfully","service":"acquisitions-api"}
{"level":"info","message":"User registered successfully: admin@jsmastery.pro","service":"acquisitions-api"}
{"level":"info","message":"::1 - - [15/Nov/2025:11:34:53 +0000] \"POST /api/auth/sign-up HTTP/1.1\" 201 105 \"-\" \"PostmanRuntime/7.49.1\"","service":"acquisitions-api"}
{"level":"info","message":"Hello, from acquisitions app!","service":"acquisitions-api"}
{"level":"info","message":"::1 - - [15/Nov/2025:11:35:05 +0000] \"GET / HTTP/1.1\" 304 - \"-\" \"Mozilla/5.0 (Windows NT 10.0; Win64; x64) AppleWebKit/537.36 (KHTML, like Gecko) Chrome/142.0.0.0 Safari/537.36\"","service":"acquisitions-api"}
{"level":"error","message":"Error creating the user: Error: User with this email already exists","service":"acquisitions-api"}
{"level":"error","message":"Signup error User with this email already exists","service":"acquisitions-api","stack":"Error: User with this email already exists\n    at createUser (file:///D:/Important-FIles/Projects/acquisitions/acquisitions/src/services/auth.service.js:34:13)\n    at process.processTicksAndRejections (node:internal/process/task_queues:105:5)\n    at async signup (file:///D:/Important-FIles/Projects/acquisitions/acquisitions/src/controllers/auth.controller.js:21:18)"}
{"level":"info","message":"::1 - - [15/Nov/2025:11:36:07 +0000] \"POST /api/auth/sign-up HTTP/1.1\" 409 31 \"-\" \"PostmanRuntime/7.49.1\"","service":"acquisitions-api"}
{"level":"info","message":"User admin@jsmastery.pro authenticated successfully","service":"acquisitions-api"}
{"level":"info","message":"User signed in successfully: admin@jsmastery.pro","service":"acquisitions-api"}
{"level":"info","message":"::1 - - [15/Nov/2025:11:56:11 +0000] \"POST /api/auth/sign-in HTTP/1.1\" 200 117 \"-\" \"PostmanRuntime/7.49.1\"","service":"acquisitions-api"}
{"level":"info","message":"User signed out successfully","service":"acquisitions-api"}
{"level":"info","message":"::1 - - [15/Nov/2025:11:56:18 +0000] \"POST /api/auth/sign-out HTTP/1.1\" 200 42 \"-\" \"PostmanRuntime/7.49.1\"","service":"acquisitions-api"}
{"level":"info","message":"User admin@jsmastery.pro authenticated successfully","service":"acquisitions-api"}
{"level":"info","message":"User signed in successfully: admin@jsmastery.pro","service":"acquisitions-api"}
{"level":"info","message":"::1 - - [15/Nov/2025:11:56:23 +0000] \"POST /api/auth/sign-in HTTP/1.1\" 200 117 \"-\" \"PostmanRuntime/7.49.1\"","service":"acquisitions-api"}
{"level":"info","message":"User admin@jsmastery.pro authenticated successfully","service":"acquisitions-api"}
{"level":"info","message":"User signed in successfully: admin@jsmastery.pro","service":"acquisitions-api"}
{"level":"info","message":"::1 - - [15/Nov/2025:11:58:29 +0000] \"POST /api/auth/sign-in HTTP/1.1\" 200 117 \"-\" \"PostmanRuntime/7.49.1\"","service":"acquisitions-api"}
{"level":"error","message":"Error authenticating user: Error: Invalid password","service":"acquisitions-api"}
{"level":"error","message":"Sign in error Invalid password","service":"acquisitions-api","stack":"Error: Invalid password\n    at authenticateUser (file:///D:/Important-FIles/Projects/acquisitions/acquisitions/src/services/auth.service.js:75:13)\n    at async signIn (file:///D:/Important-FIles/Projects/acquisitions/acquisitions/src/controllers/auth.controller.js:65:18)"}
{"level":"info","message":"::1 - - [15/Nov/2025:11:58:38 +0000] \"POST /api/auth/sign-in HTTP/1.1\" 401 31 \"-\" \"PostmanRuntime/7.49.1\"","service":"acquisitions-api"}
{"level":"info","message":"::1 - - [15/Nov/2025:11:58:46 +0000] \"POST /api/auth/sign-in HTTP/1.1\" 400 63 \"-\" \"PostmanRuntime/7.49.1\"","service":"acquisitions-api"}
